<?xml version="1.0" encoding="UTF-8"?>
<!-- Generated by org.testng.reporters.JUnitReportReporter -->
<testsuite hostname="Kanishk" name="com.testingshastra.tests.Regression" tests="1" failures="0" timestamp="4 Apr 2020 08:28:08 GMT" time="51.966" errors="0">
  <testcase name="tc_01" time="51.966" classname="com.testingshastra.tests.Regression"/>
</testsuite> <!-- com.testingshastra.tests.Regression -->
